#
# There is insufficient memory for the Java Runtime Environment to continue.
# Native memory allocation (malloc) failed to allocate 32744 bytes for ChunkPool::allocate
# Possible reasons:
#   The system is out of physical RAM or swap space
#   The process is running with CompressedOops enabled, and the Java Heap may be blocking the growth of the native heap
# Possible solutions:
#   Reduce memory load on the system
#   Increase physical memory or swap space
#   Check if swap backing store is full
#   Decrease Java heap size (-Xmx/-Xms)
#   Decrease number of Java threads
#   Decrease Java thread stack sizes (-Xss)
#   Set larger code cache with -XX:ReservedCodeCacheSize=
#   JVM is running with Unscaled Compressed Oops mode in which the Java heap is
#     placed in the first 4GB address space. The Java Heap base address is the
#     maximum limit for the native heap growth. Please use -XX:HeapBaseMinAddress
#     to set the Java Heap base and to place the Java Heap above 4GB virtual address.
# This output file may be truncated or incomplete.
#
#  Out of Memory Error (allocation.cpp:272), pid=16364, tid=0x000000000000324c
#
# JRE version: Java(TM) SE Runtime Environment (8.0_251-b08) (build 1.8.0_251-b08)
# Java VM: Java HotSpot(TM) 64-Bit Server VM (25.251-b08 mixed mode windows-amd64 compressed oops)
# Failed to write core dump. Minidumps are not enabled by default on client versions of Windows
#

---------------  T H R E A D  ---------------

Current thread (0x0000000016753000):  JavaThread "C2 CompilerThread0" daemon [_thread_in_native, id=12876, stack(0x0000000017030000,0x0000000017130000)]

Stack: [0x0000000017030000,0x0000000017130000]
[error occurred during error reporting (printing stack bounds), id 0xc0000005]

Native frames: (J=compiled Java code, j=interpreted, Vv=VM code, C=native code)


Current CompileTask:
C2:   3619 1423       4       java.net.URLClassLoader$1::run (5 bytes)


---------------  P R O C E S S  ---------------

Java Threads: ( => current thread )
  0x000000001927c000 JavaThread "Cache worker for file hash cache (C:\Users\napio\.gradle\caches\6.3\fileHashes)" [_thread_blocked, id=10632, stack(0x000000001b590000,0x000000001b690000)]
  0x0000000019277000 JavaThread "File lock request listener" [_thread_in_native, id=15028, stack(0x000000001b490000,0x000000001b590000)]
  0x000000001927b800 JavaThread "Cache worker for journal cache (C:\Users\napio\.gradle\caches\journal-1)" [_thread_blocked, id=17144, stack(0x000000001b390000,0x000000001b490000)]
  0x00000000191d5000 JavaThread "Thread-9" [_thread_blocked, id=13868, stack(0x000000001b090000,0x000000001b190000)]
  0x000000001919e000 JavaThread "Stdin handler" [_thread_blocked, id=8296, stack(0x000000001af90000,0x000000001b090000)]
  0x0000000019234800 JavaThread "Asynchronous log dispatcher for DefaultDaemonConnection: socket connection from /127.0.0.1:58099 to /127.0.0.1:58100" [_thread_blocked, id=13820, stack(0x000000001ad90000,0x000000001ae90000)]
  0x0000000019198800 JavaThread "Daemon worker" [_thread_in_Java, id=16560, stack(0x000000001ac90000,0x000000001ad90000)]
  0x0000000019197000 JavaThread "Cancel handler" [_thread_blocked, id=7508, stack(0x000000001ab90000,0x000000001ac90000)]
  0x0000000019188800 JavaThread "Handler for socket connection from /127.0.0.1:58099 to /127.0.0.1:58100" [_thread_in_native, id=3504, stack(0x000000001a890000,0x000000001a990000)]
  0x000000001911b800 JavaThread "Daemon" [_thread_blocked, id=16352, stack(0x000000001a790000,0x000000001a890000)]
  0x000000001911b000 JavaThread "Daemon periodic checks" [_thread_blocked, id=1444, stack(0x000000001a690000,0x000000001a790000)]
  0x0000000019108800 JavaThread "Incoming local TCP Connector on port 58099" [_thread_in_native, id=13252, stack(0x000000001a430000,0x000000001a530000)]
  0x0000000019041000 JavaThread "Daemon health stats" [_thread_blocked, id=1276, stack(0x0000000019dd0000,0x0000000019ed0000)]
  0x0000000016778000 JavaThread "Service Thread" daemon [_thread_blocked, id=12512, stack(0x0000000017430000,0x0000000017530000)]
  0x000000001675f800 JavaThread "C1 CompilerThread3" daemon [_thread_blocked, id=7240, stack(0x0000000017330000,0x0000000017430000)]
  0x0000000016759800 JavaThread "C2 CompilerThread2" daemon [_thread_blocked, id=2740, stack(0x0000000017230000,0x0000000017330000)]
  0x0000000016756800 JavaThread "C2 CompilerThread1" daemon [_thread_in_native, id=6456, stack(0x0000000017130000,0x0000000017230000)]
=>0x0000000016753000 JavaThread "C2 CompilerThread0" daemon [_thread_in_native, id=12876, stack(0x0000000017030000,0x0000000017130000)]
  0x0000000016750800 JavaThread "Attach Listener" daemon [_thread_blocked, id=17156, stack(0x0000000016f30000,0x0000000017030000)]
  0x000000001674f000 JavaThread "Signal Dispatcher" daemon [_thread_blocked, id=16396, stack(0x0000000016e30000,0x0000000016f30000)]
  0x00000000030d9000 JavaThread "Finalizer" daemon [_thread_blocked, id=14404, stack(0x0000000016c20000,0x0000000016d20000)]
  0x000000001494d800 JavaThread "Reference Handler" daemon [_thread_blocked, id=6376, stack(0x0000000016b20000,0x0000000016c20000)]
  0x0000000002fde000 JavaThread "main" [_thread_blocked, id=4304, stack(0x0000000002eb0000,0x0000000002fb0000)]

Other Threads:
  0x0000000014949800 VMThread [stack: 0x0000000016620000,0x0000000016720000] [id=12956]
  0x000000001677b000 WatcherThread [stack: 0x0000000017530000,0x0000000017630000] [id=16452]

VM state:not at safepoint (normal execution)

VM Mutex/Monitor currently owned by a thread: None

heap address: 0x00000000e0000000, size: 512 MB, Compressed Oops mode: 32-bit
Narrow klass base: 0x0000000000000000, Narrow klass shift: 3
Compressed class space size: 1073741824 Address: 0x0000000100000000

Heap:
 PSYoungGen      total 76288K, used 39713K [0x00000000f5580000, 0x00000000faa80000, 0x0000000100000000)
  eden space 65536K, 45% used [0x00000000f5580000,0x00000000f72ec428,0x00000000f9580000)
  from space 10752K, 89% used [0x00000000fa000000,0x00000000fa95c250,0x00000000faa80000)
  to   space 10752K, 0% used [0x00000000f9580000,0x00000000f9580000,0x00000000fa000000)
 ParOldGen       total 175104K, used 24K [0x00000000e0000000, 0x00000000eab00000, 0x00000000f5580000)
  object space 175104K, 0% used [0x00000000e0000000,0x00000000e0006000,0x00000000eab00000)
 Metaspace       used 17525K, capacity 18074K, committed 18304K, reserved 1064960K
  class space    used 2470K, capacity 2659K, committed 2688K, reserved 1048576K

Card table byte_map: [0x00000000124a0000,0x00000000125b0000] byte_map_base: 0x0000000011da0000

Marking Bits: (ParMarkBitMap*) 0x000000006123af90
 Begin Bits: [0x0000000012e60000, 0x0000000013660000)
 End Bits:   [0x0000000013660000, 0x0000000013e60000)

Polling page: 0x0000000001670000

CodeCache: size=245760Kb used=5447Kb max_used=5456Kb free=240313Kb
 bounds [0x00000000030e0000, 0x0000000003640000, 0x00000000120e0000]
 total_blobs=1958 nmethods=1556 adapters=314
 compilation: enabled

Compilation events (10 events):
Event: 3.596 Thread 0x0000000016759800 1514       4       com.google.common.base.CharMatcher$Is::matches (14 bytes)
Event: 3.596 Thread 0x0000000016759800 nmethod 1514 0x0000000003625950 code [0x0000000003625a80, 0x0000000003625af8]
Event: 3.596 Thread 0x0000000016759800 1528       4       java.util.ArrayList$SubList$1::hasNext (20 bytes)
Event: 3.597 Thread 0x0000000016759800 nmethod 1528 0x00000000036256d0 code [0x0000000003625800, 0x0000000003625898]
Event: 3.597 Thread 0x0000000016759800 1557  s    4       java.lang.Throwable::fillInStackTrace (29 bytes)
Event: 3.598 Thread 0x0000000016759800 nmethod 1557 0x0000000003630990 code [0x0000000003630ae0, 0x0000000003630e08]
Event: 3.603 Thread 0x000000001675f800 1558       3       org.gradle.internal.dispatch.ReflectionDispatch::dispatch (9 bytes)
Event: 3.604 Thread 0x000000001675f800 nmethod 1558 0x00000000036304d0 code [0x0000000003630640, 0x00000000036308c8]
Event: 3.604 Thread 0x000000001675f800 1559   !   3       org.gradle.internal.dispatch.ReflectionDispatch::dispatch (42 bytes)
Event: 3.604 Thread 0x000000001675f800 nmethod 1559 0x0000000003633210 code [0x00000000036333e0, 0x0000000003633a58]

GC Heap History (4 events):
Event: 1.882 GC heap before
{Heap before GC invocations=1 (full 0):
 PSYoungGen      total 76288K, used 65536K [0x00000000f5580000, 0x00000000faa80000, 0x0000000100000000)
  eden space 65536K, 100% used [0x00000000f5580000,0x00000000f9580000,0x00000000f9580000)
  from space 10752K, 0% used [0x00000000fa000000,0x00000000fa000000,0x00000000faa80000)
  to   space 10752K, 0% used [0x00000000f9580000,0x00000000f9580000,0x00000000fa000000)
 ParOldGen       total 175104K, used 0K [0x00000000e0000000, 0x00000000eab00000, 0x00000000f5580000)
  object space 175104K, 0% used [0x00000000e0000000,0x00000000e0000000,0x00000000eab00000)
 Metaspace       used 7730K, capacity 7968K, committed 8064K, reserved 1056768K
  class space    used 986K, capacity 1079K, committed 1152K, reserved 1048576K
Event: 1.891 GC heap after
Heap after GC invocations=1 (full 0):
 PSYoungGen      total 76288K, used 5973K [0x00000000f5580000, 0x00000000faa80000, 0x0000000100000000)
  eden space 65536K, 0% used [0x00000000f5580000,0x00000000f5580000,0x00000000f9580000)
  from space 10752K, 55% used [0x00000000f9580000,0x00000000f9b554a0,0x00000000fa000000)
  to   space 10752K, 0% used [0x00000000fa000000,0x00000000fa000000,0x00000000faa80000)
 ParOldGen       total 175104K, used 16K [0x00000000e0000000, 0x00000000eab00000, 0x00000000f5580000)
  object space 175104K, 0% used [0x00000000e0000000,0x00000000e0004000,0x00000000eab00000)
 Metaspace       used 7730K, capacity 7968K, committed 8064K, reserved 1056768K
  class space    used 986K, capacity 1079K, committed 1152K, reserved 1048576K
}
Event: 3.278 GC heap before
{Heap before GC invocations=2 (full 0):
 PSYoungGen      total 76288K, used 71509K [0x00000000f5580000, 0x00000000faa80000, 0x0000000100000000)
  eden space 65536K, 100% used [0x00000000f5580000,0x00000000f9580000,0x00000000f9580000)
  from space 10752K, 55% used [0x00000000f9580000,0x00000000f9b554a0,0x00000000fa000000)
  to   space 10752K, 0% used [0x00000000fa000000,0x00000000fa000000,0x00000000faa80000)
 ParOldGen       total 175104K, used 16K [0x00000000e0000000, 0x00000000eab00000, 0x00000000f5580000)
  object space 175104K, 0% used [0x00000000e0000000,0x00000000e0004000,0x00000000eab00000)
 Metaspace       used 15358K, capacity 15740K, committed 15872K, reserved 1062912K
  class space    used 2092K, capacity 2220K, committed 2304K, reserved 1048576K
Event: 3.293 GC heap after
Heap after GC invocations=2 (full 0):
 PSYoungGen      total 76288K, used 9584K [0x00000000f5580000, 0x00000000faa80000, 0x0000000100000000)
  eden space 65536K, 0% used [0x00000000f5580000,0x00000000f5580000,0x00000000f9580000)
  from space 10752K, 89% used [0x00000000fa000000,0x00000000fa95c250,0x00000000faa80000)
  to   space 10752K, 0% used [0x00000000f9580000,0x00000000f9580000,0x00000000fa000000)
 ParOldGen       total 175104K, used 24K [0x00000000e0000000, 0x00000000eab00000, 0x00000000f5580000)
  object space 175104K, 0% used [0x00000000e0000000,0x00000000e0006000,0x00000000eab00000)
 Metaspace       used 15358K, capacity 15740K, committed 15872K, reserved 1062912K
  class space    used 2092K, capacity 2220K, committed 2304K, reserved 1048576K
}

Deoptimization events (10 events):
Event: 2.865 Thread 0x0000000019188800 Uncommon trap: reason=unstable_if action=reinterpret pc=0x00000000034d59ec method=java.util.concurrent.ConcurrentHashMap.putVal(Ljava/lang/Object;Ljava/lang/Object;Z)Ljava/lang/Object; @ 206
Event: 2.908 Thread 0x0000000019198800 Uncommon trap: reason=bimorphic action=maybe_recompile pc=0x0000000003393b5c method=java.util.HashMap.putVal(ILjava/lang/Object;Ljava/lang/Object;ZZ)Ljava/lang/Object; @ 253
Event: 2.909 Thread 0x0000000019198800 Uncommon trap: reason=bimorphic action=maybe_recompile pc=0x0000000003393b5c method=java.util.HashMap.putVal(ILjava/lang/Object;Ljava/lang/Object;ZZ)Ljava/lang/Object; @ 253
Event: 2.909 Thread 0x0000000019198800 Uncommon trap: reason=bimorphic action=maybe_recompile pc=0x0000000003393b5c method=java.util.HashMap.putVal(ILjava/lang/Object;Ljava/lang/Object;ZZ)Ljava/lang/Object; @ 253
Event: 3.112 Thread 0x0000000019198800 Uncommon trap: reason=class_check action=maybe_recompile pc=0x00000000033fd7d8 method=java.util.regex.Matcher.match(II)Z @ 86
Event: 3.112 Thread 0x0000000019198800 Uncommon trap: reason=class_check action=maybe_recompile pc=0x00000000033fd7d8 method=java.util.regex.Matcher.match(II)Z @ 86
Event: 3.112 Thread 0x0000000019198800 Uncommon trap: reason=class_check action=maybe_recompile pc=0x00000000033fd7d8 method=java.util.regex.Matcher.match(II)Z @ 86
Event: 3.112 Thread 0x0000000019198800 Uncommon trap: reason=class_check action=maybe_recompile pc=0x000000000329c54c method=java.util.regex.Matcher.match(II)Z @ 86
Event: 3.442 Thread 0x0000000019198800 Uncommon trap: reason=unstable_if action=reinterpret pc=0x00000000033f2fdc method=java.io.File.getName()Ljava/lang/String; @ 16
Event: 3.442 Thread 0x0000000019198800 Uncommon trap: reason=unstable_if action=reinterpret pc=0x00000000033effe0 method=java.lang.String.substring(I)Ljava/lang/String; @ 35

Classes redefined (0 events):
No events

Internal exceptions (10 events):
Event: 2.866 Thread 0x0000000019188800 Exception <a 'java/lang/NoSuchMethodError': <clinit>> (0x00000000f70b1198) thrown at [C:\jenkins\workspace\8-2-build-windows-amd64-cygwin\jdk8u251\737\hotspot\src\share\vm\prims\jni.cpp, line 1614]
Event: 2.869 Thread 0x0000000019188800 Exception <a 'java/lang/NoSuchMethodError': <clinit>> (0x00000000f70c54f0) thrown at [C:\jenkins\workspace\8-2-build-windows-amd64-cygwin\jdk8u251\737\hotspot\src\share\vm\prims\jni.cpp, line 1614]
Event: 2.877 Thread 0x0000000019188800 Exception <a 'java/lang/NoSuchMethodError': <clinit>> (0x00000000f7124fe0) thrown at [C:\jenkins\workspace\8-2-build-windows-amd64-cygwin\jdk8u251\737\hotspot\src\share\vm\prims\jni.cpp, line 1614]
Event: 2.881 Thread 0x0000000019188800 Exception <a 'java/lang/NoSuchMethodError': <clinit>> (0x00000000f715ce18) thrown at [C:\jenkins\workspace\8-2-build-windows-amd64-cygwin\jdk8u251\737\hotspot\src\share\vm\prims\jni.cpp, line 1614]
Event: 2.887 Thread 0x0000000019188800 Exception <a 'java/lang/NoSuchMethodError': <clinit>> (0x00000000f71919d0) thrown at [C:\jenkins\workspace\8-2-build-windows-amd64-cygwin\jdk8u251\737\hotspot\src\share\vm\prims\jni.cpp, line 1614]
Event: 2.888 Thread 0x0000000019188800 Exception <a 'java/lang/NoSuchMethodError': <clinit>> (0x00000000f719dac8) thrown at [C:\jenkins\workspace\8-2-build-windows-amd64-cygwin\jdk8u251\737\hotspot\src\share\vm\prims\jni.cpp, line 1614]
Event: 3.487 Thread 0x0000000019198800 Exception <a 'java/lang/NoSuchMethodError': java.lang.Object.lambda$and$0(Ljava/util/function/Predicate;Ljava/lang/Object;)Z> (0x00000000f69a4088) thrown at [C:\jenkins\workspace\8-2-build-windows-amd64-cygwin\jdk8u251\737\hotspot\src\share\vm\interpreter
Event: 3.492 Thread 0x0000000019198800 Exception <a 'java/lang/IncompatibleClassChangeError': Found class java.lang.Object, but interface was expected> (0x00000000f69b4878) thrown at [C:\jenkins\workspace\8-2-build-windows-amd64-cygwin\jdk8u251\737\hotspot\src\share\vm\interpreter\linkResolver
Event: 3.494 Thread 0x0000000019198800 Exception <a 'java/lang/NoSuchMethodError': java.lang.Object.lambda$or$2(Ljava/util/function/Predicate;Ljava/lang/Object;)Z> (0x00000000f69b9798) thrown at [C:\jenkins\workspace\8-2-build-windows-amd64-cygwin\jdk8u251\737\hotspot\src\share\vm\interpreter\
Event: 3.515 Thread 0x0000000019198800 Exception <a 'java/lang/NoSuchMethodError': java.lang.Object.lambda$static$0()Ljava/lang/String;> (0x00000000f6b07bc0) thrown at [C:\jenkins\workspace\8-2-build-windows-amd64-cygwin\jdk8u251\737\hotspot\src\share\vm\interpreter\linkResolver.cpp, line 620]

Events (10 events):
Event: 3.614 loading class org/gradle/internal/instantiation/generator/AbstractClassGenerator$InjectionAnnotationValidator
Event: 3.614 loading class org/gradle/internal/instantiation/generator/AbstractClassGenerator$InjectionAnnotationValidator done
Event: 3.614 loading class org/gradle/internal/instantiation/generator/AsmBackedClassGenerator$ClassInspectionVisitorImpl
Event: 3.614 loading class org/gradle/internal/instantiation/generator/AsmBackedClassGenerator$ClassInspectionVisitorImpl done
Event: 3.615 loading class org/gradle/internal/instantiation/generator/AbstractClassGenerator$ClassGenerationVisitor
Event: 3.615 loading class org/gradle/internal/instantiation/generator/AbstractClassGenerator$ClassGenerationVisitor done
Event: 3.615 loading class org/gradle/internal/reflect/ClassInspector
Event: 3.615 loading class org/gradle/internal/reflect/ClassInspector done
Event: 3.615 loading class org/gradle/internal/reflect/ClassDetails
Event: 3.615 loading class org/gradle/internal/reflect/ClassDetails done


Dynamic libraries:
0x00007ff6dadd0000 - 0x00007ff6dae07000 	C:\Program Files\Java\jdk1.8.0_251\bin\java.exe
0x00007ffc97610000 - 0x00007ffc977fd000 	C:\Windows\SYSTEM32\ntdll.dll
0x00007ffc974b0000 - 0x00007ffc97563000 	C:\Windows\System32\KERNEL32.DLL
0x00007ffc936d0000 - 0x00007ffc93965000 	C:\Windows\System32\KERNELBASE.dll
0x00007ffc95580000 - 0x00007ffc95623000 	C:\Windows\System32\ADVAPI32.dll
0x00007ffc94830000 - 0x00007ffc948ce000 	C:\Windows\System32\msvcrt.dll
0x00007ffc97410000 - 0x00007ffc974ae000 	C:\Windows\System32\sechost.dll
0x00007ffc95630000 - 0x00007ffc95752000 	C:\Windows\System32\RPCRT4.dll
0x00007ffc94ed0000 - 0x00007ffc95067000 	C:\Windows\System32\USER32.dll
0x00007ffc94670000 - 0x00007ffc94690000 	C:\Windows\System32\win32u.dll
0x00007ffc94ea0000 - 0x00007ffc94ec9000 	C:\Windows\System32\GDI32.dll
0x00007ffc93d80000 - 0x00007ffc93f19000 	C:\Windows\System32\gdi32full.dll
0x00007ffc93c90000 - 0x00007ffc93d30000 	C:\Windows\System32\msvcp_win.dll
0x00007ffc94710000 - 0x00007ffc9480a000 	C:\Windows\System32\ucrtbase.dll
0x00007ffc88ad0000 - 0x00007ffc88d49000 	C:\Windows\WinSxS\amd64_microsoft.windows.common-controls_6595b64144ccf1df_6.0.17763.1217_none_de6e4304534e0ad3\COMCTL32.dll
0x00007ffc94930000 - 0x00007ffc94c5c000 	C:\Windows\System32\combase.dll
0x00007ffc94690000 - 0x00007ffc9470e000 	C:\Windows\System32\bcryptPrimitives.dll
0x00007ffc95d20000 - 0x00007ffc95d4e000 	C:\Windows\System32\IMM32.DLL
0x00000000612c0000 - 0x0000000061392000 	C:\Program Files\Java\jdk1.8.0_251\jre\bin\msvcr100.dll
0x0000000060a10000 - 0x00000000612bb000 	C:\Program Files\Java\jdk1.8.0_251\jre\bin\server\jvm.dll
0x00007ffc97270000 - 0x00007ffc97278000 	C:\Windows\System32\PSAPI.DLL
0x00007ffc7ef20000 - 0x00007ffc7ef29000 	C:\Windows\SYSTEM32\WSOCK32.dll
0x00007ffc8deb0000 - 0x00007ffc8deba000 	C:\Windows\SYSTEM32\VERSION.dll
0x00007ffc86d60000 - 0x00007ffc86d84000 	C:\Windows\SYSTEM32\WINMM.dll
0x00007ffc97570000 - 0x00007ffc975dd000 	C:\Windows\System32\WS2_32.dll
0x00007ffc86a70000 - 0x00007ffc86a9d000 	C:\Windows\SYSTEM32\winmmbase.dll
0x00007ffc93d30000 - 0x00007ffc93d7a000 	C:\Windows\System32\cfgmgr32.dll
0x00007ffc8f0f0000 - 0x00007ffc8f0ff000 	C:\Program Files\Java\jdk1.8.0_251\jre\bin\verify.dll
0x00007ffc8eb70000 - 0x00007ffc8eb99000 	C:\Program Files\Java\jdk1.8.0_251\jre\bin\java.dll
0x00007ffc8e490000 - 0x00007ffc8e4a6000 	C:\Program Files\Java\jdk1.8.0_251\jre\bin\zip.dll
0x00007ffc95d50000 - 0x00007ffc97244000 	C:\Windows\System32\SHELL32.dll
0x00007ffc97280000 - 0x00007ffc97328000 	C:\Windows\System32\shcore.dll
0x00007ffc93f20000 - 0x00007ffc9466e000 	C:\Windows\System32\windows.storage.dll
0x00007ffc93640000 - 0x00007ffc93664000 	C:\Windows\System32\profapi.dll
0x00007ffc93670000 - 0x00007ffc936cd000 	C:\Windows\System32\powrprof.dll
0x00007ffc97330000 - 0x00007ffc97382000 	C:\Windows\System32\shlwapi.dll
0x00007ffc93620000 - 0x00007ffc93631000 	C:\Windows\System32\kernel.appcore.dll
0x00007ffc94810000 - 0x00007ffc94827000 	C:\Windows\System32\cryptsp.dll
0x00007ffc8e470000 - 0x00007ffc8e48a000 	C:\Program Files\Java\jdk1.8.0_251\jre\bin\net.dll
0x00007ffc92e70000 - 0x00007ffc92ed7000 	C:\Windows\system32\mswsock.dll
0x00007ffc8ca50000 - 0x00007ffc8ca62000 	C:\Program Files\Java\jdk1.8.0_251\jre\bin\nio.dll
0x00007ffc8f090000 - 0x00007ffc8f0b7000 	C:\Users\napio\.gradle\native\c976cfcca226fdd4bee4412e95191dd41148b7504f9625baeda1d523bc39a967\windows-amd64\native-platform.dll
0x00007ffc8eb60000 - 0x00007ffc8eb6d000 	C:\Program Files\Java\jdk1.8.0_251\jre\bin\management.dll
0x00007ffc929f0000 - 0x00007ffc92a23000 	C:\Windows\system32\rsaenh.dll
0x00007ffc93970000 - 0x00007ffc93996000 	C:\Windows\System32\bcrypt.dll
0x00007ffc93530000 - 0x00007ffc93558000 	C:\Windows\SYSTEM32\USERENV.dll
0x00007ffc93040000 - 0x00007ffc9304c000 	C:\Windows\SYSTEM32\CRYPTBASE.dll
0x00007ffc92b90000 - 0x00007ffc92bcd000 	C:\Windows\SYSTEM32\IPHLPAPI.DLL
0x00007ffc95be0000 - 0x00007ffc95be8000 	C:\Windows\System32\NSI.dll
0x00007ffc8c0e0000 - 0x00007ffc8c0f6000 	C:\Windows\SYSTEM32\dhcpcsvc6.DLL
0x00007ffc8c820000 - 0x00007ffc8c83c000 	C:\Windows\SYSTEM32\dhcpcsvc.DLL
0x00007ffc92bd0000 - 0x00007ffc92c97000 	C:\Windows\SYSTEM32\DNSAPI.dll

VM Arguments:
jvm_args: -XX:MaxMetaspaceSize=256m -XX:+HeapDumpOnOutOfMemoryError -Xms256m -Xmx512m -Dfile.encoding=windows-1250 -Duser.country=PL -Duser.language=pl -Duser.variant 
java_command: org.gradle.launcher.daemon.bootstrap.GradleDaemon 6.3
java_class_path (initial): C:\Users\napio\.gradle\wrapper\dists\gradle-6.3-bin\8tpu6egwsccjzp10c1jckl0rx\gradle-6.3\lib\gradle-launcher-6.3.jar
Launcher Type: SUN_STANDARD

Environment Variables:
JAVA_HOME=C:\Program Files\Java\jdk1.8.0_251
PATH=C:\Program Files\Java\jdk1.8.0_251\bin;C:\Program Files (x86)\Common Files\Oracle\Java\javapath;C:\Program Files (x86)\Intel\Intel(R) Management Engine Components\iCLS\;C:\Program Files\Intel\Intel(R) Management Engine Components\iCLS\;C:\Windows\system32;C:\Windows;C:\Windows\System32\Wbem;C:\Windows\System32\WindowsPowerShell\v1.0\;C:\Windows\System32\OpenSSH\;C:\Program Files (x86)\Intel\Intel(R) Management Engine Components\DAL;C:\Program Files\Intel\Intel(R) Management Engine Components\DAL;C:\Program Files\Intel\WiFi\bin\;C:\Program Files\Common Files\Intel\WirelessCommon\;C:\Program Files (x86)\NVIDIA Corporation\PhysX\Common;C:\Program Files\NVIDIA Corporation\NVIDIA NvDLISR;C:\Windows\system32;C:\Windows;C:\Windows\System32\Wbem;C:\Windows\System32\WindowsPowerShell\v1.0\;C:\Windows\System32\OpenSSH\;D:\Programy\Git\cmd;D:\Programy\Git\mingw64\bin;D:\Programy\Git\usr\bin;C:\gradle-6.3\bin;C:\Users\napio\AppData\Local\Microsoft\WindowsApps;;D:\Programy\JetBrains\IntelliJ IDEA 2020.1\bin;
USERNAME=napio
OS=Windows_NT
PROCESSOR_IDENTIFIER=Intel64 Family 6 Model 142 Stepping 10, GenuineIntel



---------------  S Y S T E M  ---------------

OS: Windows 10.0 , 64 bit Build 17763 (10.0.17763.1158)

CPU:total 8 (initial active 8) (4 cores per cpu, 2 threads per core) family 6 model 142 stepping 10, cmov, cx8, fxsr, mmx, sse, sse2, sse3, ssse3, sse4.1, sse4.2, popcnt, avx, avx2, aes, clmul, erms, 3dnowpref, lzcnt, ht, tsc, tscinvbit, bmi1, bmi2, adx

Memory: 4k page, physical 8269540k(1251492k free), swap 18755296k(2136k free)

vm_info: Java HotSpot(TM) 64-Bit Server VM (25.251-b08) for windows-amd64 JRE (1.8.0_251-b08), built on Mar 12 2020 06:31:49 by "" with MS VC++ 10.0 (VS2010)

time: Mon May 18 18:12:17 2020
timezone: Œrodkowoeuropejski czas letni
elapsed time: 3 seconds (0d 0h 0m 3s)

